07-04-2023 19:38:33.533 [main] INFO  m.p.s.DotenvPropertySource.addToEnvironment - Initializing Dotenv with DotenvConfig{directory=null, filename=null, ignoreIfMalformed=false, ignoreIfMissing=true, systemProperties=false, prefix=null}
07-04-2023 19:38:34.061 [main] INFO  ai.openfabric.api.Application.logStarting - Starting Application using Java 11.0.17 on codefactory-Latitude-7280 with PID 21236 (/home/codefactory/openfabric-test/openfabric-api/build/classes/java/main started by codefactory in /home/codefactory/openfabric-test)
07-04-2023 19:38:34.092 [main] INFO  ai.openfabric.api.Application.logStartupProfileInfo - The following 2 profiles are active: "base", "local"
07-04-2023 19:38:41.239 [main] INFO  o.s.d.r.c.RepositoryConfigurationDelegate.registerRepositoriesIn - Bootstrapping Spring Data JPA repositories in DEFAULT mode.
07-04-2023 19:38:41.556 [main] INFO  o.s.d.r.c.RepositoryConfigurationDelegate.registerRepositoriesIn - Finished Spring Data repository scanning in 283 ms. Found 2 JPA repository interfaces.
07-04-2023 19:38:58.260 [main] INFO  o.s.b.w.e.tomcat.TomcatWebServer.initialize - Tomcat initialized with port(s): 8080 (http)
07-04-2023 19:38:58.311 [main] INFO  o.a.coyote.http11.Http11NioProtocol.log - Initializing ProtocolHandler ["http-nio-8080"]
07-04-2023 19:38:58.316 [main] INFO  o.a.catalina.core.StandardService.log - Starting service [Tomcat]
07-04-2023 19:38:58.318 [main] INFO  o.a.catalina.core.StandardEngine.log - Starting Servlet engine: [Apache Tomcat/9.0.68]
07-04-2023 19:38:59.150 [main] INFO  o.a.c.c.C.[Tomcat].[localhost].[/].log - Initializing Spring embedded WebApplicationContext
07-04-2023 19:38:59.151 [main] INFO  o.s.b.w.s.c.ServletWebServerApplicationContext.prepareWebApplicationContext - Root WebApplicationContext: initialization completed in 23677 ms
07-04-2023 19:38:59.824 [main] INFO  com.zaxxer.hikari.HikariDataSource.getConnection - HikariPool-1 - Starting...
07-04-2023 19:39:01.442 [main] INFO  com.zaxxer.hikari.HikariDataSource.getConnection - HikariPool-1 - Start completed.
07-04-2023 19:39:02.123 [main] INFO  liquibase.database.log - Set default schema name to public
07-04-2023 19:39:02.471 [main] INFO  liquibase.lockservice.log - Successfully acquired change log lock
07-04-2023 19:39:04.366 [main] INFO  liquibase.changelog.log - Reading from public.databasechangelog
07-04-2023 19:39:04.537 [main] INFO  liquibase.lockservice.log - Successfully released change log lock
07-04-2023 19:39:04.930 [main] INFO  o.h.jpa.internal.util.LogHelper.logPersistenceUnitInformation - HHH000204: Processing PersistenceUnitInfo [name: default]
07-04-2023 19:39:05.086 [main] INFO  org.hibernate.Version.logVersion - HHH000412: Hibernate ORM core version 5.6.12.Final
07-04-2023 19:39:05.725 [main] INFO  o.h.annotations.common.Version.<clinit> - HCANN000001: Hibernate Commons Annotations {5.1.2.Final}
07-04-2023 19:39:06.249 [main] INFO  org.hibernate.dialect.Dialect.<init> - HHH000400: Using dialect: org.hibernate.dialect.PostgreSQLDialect
07-04-2023 19:39:08.352 [main] INFO  o.h.e.t.j.p.i.JtaPlatformInitiator.initiateService - HHH000490: Using JtaPlatform implementation: [org.hibernate.engine.transaction.jta.platform.internal.NoJtaPlatform]
07-04-2023 19:39:08.388 [main] INFO  o.s.o.j.LocalContainerEntityManagerFactoryBean.buildNativeEntityManagerFactory - Initialized JPA EntityManagerFactory for persistence unit 'default'
07-04-2023 19:39:08.534 [main] WARN  o.s.b.a.o.j.JpaBaseConfiguration$JpaWebConfiguration.openEntityManagerInViewInterceptor - spring.jpa.open-in-view is enabled by default. Therefore, database queries may be performed during view rendering. Explicitly configure spring.jpa.open-in-view to disable this warning
07-04-2023 19:56:35.405 [main] INFO  m.p.s.DotenvPropertySource.addToEnvironment - Initializing Dotenv with DotenvConfig{directory=null, filename=null, ignoreIfMalformed=false, ignoreIfMissing=true, systemProperties=false, prefix=null}
07-04-2023 19:56:35.535 [main] INFO  ai.openfabric.api.Application.logStarting - Starting Application using Java 11.0.17 on codefactory-Latitude-7280 with PID 5569 (/home/codefactory/openfabric-test/openfabric-api/build/classes/java/main started by codefactory in /home/codefactory/openfabric-test)
07-04-2023 19:56:35.570 [main] INFO  ai.openfabric.api.Application.logStartupProfileInfo - The following 2 profiles are active: "base", "local"
07-04-2023 19:56:40.282 [main] INFO  o.s.d.r.c.RepositoryConfigurationDelegate.registerRepositoriesIn - Bootstrapping Spring Data JPA repositories in DEFAULT mode.
07-04-2023 19:56:40.612 [main] INFO  o.s.d.r.c.RepositoryConfigurationDelegate.registerRepositoriesIn - Finished Spring Data repository scanning in 294 ms. Found 2 JPA repository interfaces.
07-04-2023 19:56:43.862 [main] INFO  o.s.b.w.e.tomcat.TomcatWebServer.initialize - Tomcat initialized with port(s): 8080 (http)
07-04-2023 19:56:43.895 [main] INFO  o.a.coyote.http11.Http11NioProtocol.log - Initializing ProtocolHandler ["http-nio-8080"]
07-04-2023 19:56:43.897 [main] INFO  o.a.catalina.core.StandardService.log - Starting service [Tomcat]
07-04-2023 19:56:43.898 [main] INFO  o.a.catalina.core.StandardEngine.log - Starting Servlet engine: [Apache Tomcat/9.0.68]
07-04-2023 19:56:44.463 [main] INFO  o.a.c.c.C.[Tomcat].[localhost].[/].log - Initializing Spring embedded WebApplicationContext
07-04-2023 19:56:44.465 [main] INFO  o.s.b.w.s.c.ServletWebServerApplicationContext.prepareWebApplicationContext - Root WebApplicationContext: initialization completed in 8469 ms
07-04-2023 19:56:45.208 [main] INFO  com.zaxxer.hikari.HikariDataSource.getConnection - HikariPool-1 - Starting...
07-04-2023 19:56:46.439 [main] INFO  com.zaxxer.hikari.HikariDataSource.getConnection - HikariPool-1 - Start completed.
07-04-2023 19:56:52.275 [main] INFO  liquibase.database.log - Set default schema name to public
07-04-2023 19:56:52.640 [main] INFO  liquibase.lockservice.log - Successfully acquired change log lock
07-04-2023 19:56:54.190 [main] INFO  liquibase.changelog.log - Reading from public.databasechangelog
07-04-2023 19:56:54.383 [main] INFO  liquibase.lockservice.log - Successfully released change log lock
07-04-2023 19:56:54.965 [main] INFO  o.h.jpa.internal.util.LogHelper.logPersistenceUnitInformation - HHH000204: Processing PersistenceUnitInfo [name: default]
07-04-2023 19:56:55.222 [main] INFO  org.hibernate.Version.logVersion - HHH000412: Hibernate ORM core version 5.6.12.Final
07-04-2023 19:56:56.086 [main] INFO  o.h.annotations.common.Version.<clinit> - HCANN000001: Hibernate Commons Annotations {5.1.2.Final}
07-04-2023 19:56:56.623 [main] INFO  org.hibernate.dialect.Dialect.<init> - HHH000400: Using dialect: org.hibernate.dialect.PostgreSQLDialect
07-04-2023 19:56:59.309 [main] INFO  o.h.e.t.j.p.i.JtaPlatformInitiator.initiateService - HHH000490: Using JtaPlatform implementation: [org.hibernate.engine.transaction.jta.platform.internal.NoJtaPlatform]
07-04-2023 19:56:59.352 [main] INFO  o.s.o.j.LocalContainerEntityManagerFactoryBean.buildNativeEntityManagerFactory - Initialized JPA EntityManagerFactory for persistence unit 'default'
07-04-2023 19:56:59.580 [main] WARN  o.s.b.a.o.j.JpaBaseConfiguration$JpaWebConfiguration.openEntityManagerInViewInterceptor - spring.jpa.open-in-view is enabled by default. Therefore, database queries may be performed during view rendering. Explicitly configure spring.jpa.open-in-view to disable this warning
07-04-2023 19:57:10.085 [main] INFO  com.yahoo.elide.Elide.registerCustomSerde - Registering serde for type : class java.time.OffsetDateTime
07-04-2023 19:57:10.088 [main] INFO  com.yahoo.elide.Elide.registerCustomSerde - Registering serde for type : class java.time.Instant
07-04-2023 19:57:10.986 [main] WARN  o.s.b.a.s.s.UserDetailsServiceAutoConfiguration.getOrDeducePassword - 

Using generated security password: 538905a9-e0d1-4d20-b0be-b11a3f560574

This generated password is for development use only. Your security configuration must be updated before running your application in production.

07-04-2023 19:57:11.445 [main] INFO  o.s.s.web.DefaultSecurityFilterChain.<init> - Will secure any request with [org.springframework.security.web.session.DisableEncodeUrlFilter@136c3a6, org.springframework.security.web.context.request.async.WebAsyncManagerIntegrationFilter@54bf2319, org.springframework.security.web.context.SecurityContextPersistenceFilter@5915ab69, org.springframework.security.web.header.HeaderWriterFilter@44992466, org.springframework.web.filter.CorsFilter@5b322873, org.springframework.security.web.authentication.logout.LogoutFilter@21acc86a, org.springframework.security.web.savedrequest.RequestCacheAwareFilter@23a0c7f3, org.springframework.security.web.servletapi.SecurityContextHolderAwareRequestFilter@2b3fd4d2, org.springframework.security.web.authentication.AnonymousAuthenticationFilter@7d45e754, org.springframework.security.web.session.SessionManagementFilter@7356ec91, org.springframework.security.web.access.ExceptionTranslationFilter@4d79651d, org.springframework.security.web.access.intercept.FilterSecurityInterceptor@65134e6c]
07-04-2023 19:57:12.448 [main] WARN  o.s.b.a.t.ThymeleafAutoConfiguration$DefaultTemplateResolverConfiguration.checkTemplateLocationExists - Cannot find template location: classpath:/templates/ (please add some templates, check your Thymeleaf configuration, or set spring.thymeleaf.check-template-location=false)
07-04-2023 19:57:12.772 [main] INFO  o.a.coyote.http11.Http11NioProtocol.log - Starting ProtocolHandler ["http-nio-8080"]
07-04-2023 19:57:12.834 [main] INFO  o.s.b.w.e.tomcat.TomcatWebServer.start - Tomcat started on port(s): 8080 (http) with context path ''
07-04-2023 19:57:13.736 [main] INFO  ai.openfabric.api.Application.logStarted - Started Application in 40.786 seconds (JVM running for 46.485)
